e:\projects\crzwallpaper\crzwallpaper\debug\vc120.pdb
e:\projects\crzwallpaper\crzwallpaper\debug\wallpaper.obj
e:\projects\crzwallpaper\crzwallpaper\debug\main.obj
e:\projects\crzwallpaper\crzwallpaper\debug\moc_wallpaper.obj
e:\projects\crzwallpaper\crzwallpaper\debug\qrc_crzwallpaper.obj
e:\projects\crzwallpaper\crzwallpaper\generatedfiles\qrc_crzwallpaper.cpp
e:\projects\crzwallpaper\crzwallpaper\generatedfiles\debug\moc_wallpaper.cpp
e:\projects\crzwallpaper\win32\debug\crzwallpaper.ilk
e:\projects\crzwallpaper\win32\debug\crzwallpaper.exe
e:\projects\crzwallpaper\win32\debug\crzwallpaper.pdb
e:\projects\crzwallpaper\crzwallpaper\debug\crzwallpaper.res
e:\projects\crzwallpaper\crzwallpaper\debug\crzwallpaper.tlog\cl.command.1.tlog
e:\projects\crzwallpaper\crzwallpaper\debug\crzwallpaper.tlog\cl.read.1.tlog
e:\projects\crzwallpaper\crzwallpaper\debug\crzwallpaper.tlog\cl.write.1.tlog
e:\projects\crzwallpaper\crzwallpaper\debug\crzwallpaper.tlog\custombuild.command.1.tlog
e:\projects\crzwallpaper\crzwallpaper\debug\crzwallpaper.tlog\custombuild.read.1.tlog
e:\projects\crzwallpaper\crzwallpaper\debug\crzwallpaper.tlog\custombuild.write.1.tlog
e:\projects\crzwallpaper\crzwallpaper\debug\crzwallpaper.tlog\link.command.1.tlog
e:\projects\crzwallpaper\crzwallpaper\debug\crzwallpaper.tlog\link.read.1.tlog
e:\projects\crzwallpaper\crzwallpaper\debug\crzwallpaper.tlog\link.write.1.tlog
e:\projects\crzwallpaper\crzwallpaper\debug\crzwallpaper.tlog\rc.command.1.tlog
e:\projects\crzwallpaper\crzwallpaper\debug\crzwallpaper.tlog\rc.read.1.tlog
e:\projects\crzwallpaper\crzwallpaper\debug\crzwallpaper.tlog\rc.write.1.tlog
